#
# There is insufficient memory for the Java Runtime Environment to continue.
# Native memory allocation (mmap) failed to map 201326592 bytes. Error detail: G1 virtual space
# Possible reasons:
#   The system is out of physical RAM or swap space
#   This process is running with CompressedOops enabled, and the Java Heap may be blocking the growth of the native heap
# Possible solutions:
#   Reduce memory load on the system
#   Increase physical memory or swap space
#   Check if swap backing store is full
#   Decrease Java heap size (-Xmx/-Xms)
#   Decrease number of Java threads
#   Decrease Java thread stack sizes (-Xss)
#   Set larger code cache with -XX:ReservedCodeCacheSize=
#   JVM is running with Zero Based Compressed Oops mode in which the Java heap is
#     placed in the first 32GB address space. The Java Heap base address is the
#     maximum limit for the native heap growth. Please use -XX:HeapBaseMinAddress
#     to set the Java Heap base and to place the Java Heap above 32GB virtual address.
# This output file may be truncated or incomplete.
#
#  Out of Memory Error (os_windows.cpp:3564), pid=11708, tid=15704
#
# JRE version:  (24.0.1+9) (build )
# Java VM: Java HotSpot(TM) 64-Bit Server VM (24.0.1+9-30, mixed mode, sharing, tiered, compressed oops, compressed class ptrs, g1 gc, windows-amd64)
# No core dump will be written. Minidumps are not enabled by default on client versions of Windows
#

---------------  S U M M A R Y ------------

Command Line: 

Host: Intel(R) Core(TM) i7 CPU         960  @ 3.20GHz, 8 cores, 11G,  Windows 10 , 64 bit Build 19041 (10.0.19041.5915)
Time: Mon Apr 27 08:57:56 2026 Hora de verano romance elapsed time: 0.020092 seconds (0d 0h 0m 0s)

---------------  T H R E A D  ---------------

Current thread (0x0000028cd242e0e0):  JavaThread "Unknown thread" [_thread_in_vm, id=15704, stack(0x000000b7a6f00000,0x000000b7a7000000) (1024K)]

Stack: [0x000000b7a6f00000,0x000000b7a7000000]
Native frames: (J=compiled Java code, j=interpreted, Vv=VM code, C=native code)
V  [jvm.dll+0x730739]  (no source info available)
V  [jvm.dll+0x8d9b23]  (no source info available)
V  [jvm.dll+0x8dc00d]  (no source info available)
V  [jvm.dll+0x8dc683]  (no source info available)
V  [jvm.dll+0x2aa086]  (no source info available)
V  [jvm.dll+0x72cc65]  (no source info available)
V  [jvm.dll+0x72059a]  (no source info available)
V  [jvm.dll+0x390cea]  (no source info available)
V  [jvm.dll+0x3989f6]  (no source info available)
V  [jvm.dll+0x38523e]  (no source info available)
V  [jvm.dll+0x3854f8]  (no source info available)
V  [jvm.dll+0x35d0cc]  (no source info available)
V  [jvm.dll+0x35dd8d]  (no source info available)
V  [jvm.dll+0x89d28f]  (no source info available)
V  [jvm.dll+0x3f985d]  (no source info available)
V  [jvm.dll+0x8858e6]  (no source info available)
V  [jvm.dll+0x495f3e]  (no source info available)
V  [jvm.dll+0x497d11]  (no source info available)
C  [jli.dll+0x52a1]  (no source info available)
C  [ucrtbase.dll+0x21bb2]  (no source info available)
C  [KERNEL32.DLL+0x17374]  (no source info available)
C  [ntdll.dll+0x4cc91]  (no source info available)

Lock stack of current Java thread (top to bottom):


---------------  P R O C E S S  ---------------

Threads class SMR info:
_java_thread_list=0x00007ffdc610f318, length=0, elements={
}

Java Threads: ( => current thread )
Total: 0

Other Threads:
  0x0000028cd2653c60 WorkerThread "GC Thread#0"                     [id=4208, stack(0x000000b7a7000000,0x000000b7a7100000) (1024K)]
  0x0000028cd2663d00 ConcurrentGCThread "G1 Main Marker"            [id=14060, stack(0x000000b7a7100000,0x000000b7a7200000) (1024K)]
  0x0000028cd2664ec0 WorkerThread "G1 Conc#0"                       [id=12828, stack(0x000000b7a7200000,0x000000b7a7300000) (1024K)]

[error occurred during error reporting (printing all threads), id 0xc0000005, EXCEPTION_ACCESS_VIOLATION (0xc0000005) at pc=0x00007ffdc58414ea]
VM state: not at safepoint (not fully initialized)

VM Mutex/Monitor currently owned by a thread:  ([mutex/lock_event])
[0x00007ffdc61945b0] Heap_lock - owner thread: 0x0000028cd242e0e0

Heap address: 0x0000000740200000, size: 3070 MB, Compressed Oops mode: Zero based, Oop shift amount: 3

CDS archive(s) mapped at: [0x0000000000000000-0x0000000000000000-0x0000000000000000), size 0, SharedBaseAddress: 0x0000000800000000, ArchiveRelocationMode: 1.
UseCompressedClassPointers 1, UseCompactObjectHeaders 0
Narrow klass pointer bits 32, Max shift 3
Narrow klass base: 0xffffffffffffffff, Narrow klass shift: -1
Encoding Range: [0xffffffffffffffff - 0x000000007fffffff), (2147483648 bytes)
Klass Range:    [0x0000000000000000 - 0x0000000000000000), (0 bytes)
Klass ID Range:  [4294967295 - 0) (1)

GC Precious Log:
 CardTable entry size: 512
 Card Set container configuration: InlinePtr #cards 4 size 8 Array Of Cards #cards 16 size 48 Howl #buckets 8 coarsen threshold 3686 Howl Bitmap #cards 512 size 80 coarsen threshold 460 Card regions per heap region 1 cards per card region 4096

Heap:
 garbage-first heap   total reserved 3143680K, committed 0K, used 0K [0x0000000740200000, 0x0000000800000000)
  region size 2048K, 0 young (0K), 0 survivors (0K)

[error occurred during error reporting (printing heap information), id 0xc0000005, EXCEPTION_ACCESS_VIOLATION (0xc0000005) at pc=0x00007ffdc5c5e3e9]
GC Heap History (0 events):
No events

Dll operation events (1 events):
Event: 0.009 Loaded shared library C:\Program Files\Java\jdk-24\bin\java.dll

Deoptimization events (0 events):
No events

Classes loaded (0 events):
No events

Classes unloaded (0 events):
No events

Classes redefined (0 events):
No events

Internal exceptions (0 events):
No events

VM Operations (0 events):
No events

Memory protections (0 events):
No events

Nmethod flushes (0 events):
No events

Events (0 events):
No events


Dynamic libraries:
0x00007ff68ad50000 - 0x00007ff68ad60000 	C:\Program Files\Java\jdk-24\bin\java.exe
0x00007ffe04cf0000 - 0x00007ffe04ee8000 	C:\WINDOWS\SYSTEM32\ntdll.dll
0x00007ffe02d10000 - 0x00007ffe02dd2000 	C:\WINDOWS\System32\KERNEL32.DLL
0x00007ffe023b0000 - 0x00007ffe026a6000 	C:\WINDOWS\System32\KERNELBASE.dll
0x00007ffe02730000 - 0x00007ffe02830000 	C:\WINDOWS\System32\ucrtbase.dll
0x00007ffdfa380000 - 0x00007ffdfa396000 	C:\Program Files\Java\jdk-24\bin\jli.dll
0x00007ffdfa360000 - 0x00007ffdfa37b000 	C:\Program Files\Java\jdk-24\bin\VCRUNTIME140.dll
0x00007ffe03710000 - 0x00007ffe038b1000 	C:\WINDOWS\System32\USER32.dll
0x00007ffe02380000 - 0x00007ffe023a2000 	C:\WINDOWS\System32\win32u.dll
0x00007ffdf48a0000 - 0x00007ffdf4b3b000 	C:\WINDOWS\WinSxS\amd64_microsoft.windows.common-controls_6595b64144ccf1df_6.0.19041.6456_none_60b8a6cb71f64256\COMCTL32.dll
0x00007ffe03a70000 - 0x00007ffe03a9b000 	C:\WINDOWS\System32\GDI32.dll
0x00007ffe02910000 - 0x00007ffe02a29000 	C:\WINDOWS\System32\gdi32full.dll
0x00007ffe04460000 - 0x00007ffe044fe000 	C:\WINDOWS\System32\msvcrt.dll
0x00007ffe02a30000 - 0x00007ffe02acd000 	C:\WINDOWS\System32\msvcp_win.dll
0x00007ffe04980000 - 0x00007ffe049af000 	C:\WINDOWS\System32\IMM32.DLL
0x00007ffdfd660000 - 0x00007ffdfd66c000 	C:\Program Files\Java\jdk-24\bin\vcruntime140_1.dll
0x00007ffde7d70000 - 0x00007ffde7dfe000 	C:\Program Files\Java\jdk-24\bin\msvcp140.dll
0x00007ffdc54d0000 - 0x00007ffdc6272000 	C:\Program Files\Java\jdk-24\bin\server\jvm.dll
0x00007ffe03650000 - 0x00007ffe03701000 	C:\WINDOWS\System32\ADVAPI32.dll
0x00007ffe02de0000 - 0x00007ffe02e7f000 	C:\WINDOWS\System32\sechost.dll
0x00007ffe04860000 - 0x00007ffe04980000 	C:\WINDOWS\System32\RPCRT4.dll
0x00007ffe028e0000 - 0x00007ffe02907000 	C:\WINDOWS\System32\bcrypt.dll
0x00007ffe03390000 - 0x00007ffe033fb000 	C:\WINDOWS\System32\WS2_32.dll
0x00007ffe021e0000 - 0x00007ffe0222b000 	C:\WINDOWS\SYSTEM32\POWRPROF.dll
0x00007ffdf8510000 - 0x00007ffdf8537000 	C:\WINDOWS\SYSTEM32\WINMM.dll
0x00007ffdf8d90000 - 0x00007ffdf8d9a000 	C:\WINDOWS\SYSTEM32\VERSION.dll
0x00007ffe021c0000 - 0x00007ffe021d2000 	C:\WINDOWS\SYSTEM32\UMPDC.dll
0x00007ffe00030000 - 0x00007ffe00042000 	C:\WINDOWS\SYSTEM32\kernel.appcore.dll
0x00007ffdf3000000 - 0x00007ffdf300a000 	C:\Program Files\Java\jdk-24\bin\jimage.dll
0x00007ffdf71a0000 - 0x00007ffdf73a1000 	C:\WINDOWS\SYSTEM32\DBGHELP.DLL
0x00007ffde95e0000 - 0x00007ffde9614000 	C:\WINDOWS\SYSTEM32\dbgcore.DLL
0x00007ffe02c80000 - 0x00007ffe02d02000 	C:\WINDOWS\System32\bcryptPrimitives.dll
0x00007ffdf07f0000 - 0x00007ffdf080e000 	C:\Program Files\Java\jdk-24\bin\java.dll
0x00007ffe04ad0000 - 0x00007ffe04bfb000 	C:\WINDOWS\System32\ole32.dll
0x00007ffe04500000 - 0x00007ffe04854000 	C:\WINDOWS\System32\combase.dll
0x00007ffe03aa0000 - 0x00007ffe04210000 	C:\WINDOWS\System32\SHELL32.dll

JVMTI agents: none

dbghelp: loaded successfully - version: 4.0.5 - missing functions: none
symbol engine: initialized successfully - sym options: 0x614 - pdb path: .;C:\Program Files\Java\jdk-24\bin;C:\WINDOWS\SYSTEM32;C:\WINDOWS\WinSxS\amd64_microsoft.windows.common-controls_6595b64144ccf1df_6.0.19041.6456_none_60b8a6cb71f64256;C:\Program Files\Java\jdk-24\bin\server

VM Arguments:
java_command: <unknown>
java_class_path (initial): <not set>
Launcher Type: SUN_STANDARD

[Global flags]
     intx CICompilerCount                          = 4                                         {product} {ergonomic}
     uint ConcGCThreads                            = 2                                         {product} {ergonomic}
     uint G1ConcRefinementThreads                  = 8                                         {product} {ergonomic}
   size_t G1HeapRegionSize                         = 2097152                                   {product} {ergonomic}
   size_t InitialHeapSize                          = 201326592                                 {product} {ergonomic}
   size_t MarkStackSize                            = 4194304                                   {product} {ergonomic}
   size_t MarkStackSizeMax                         = 536870912                                 {product} {ergonomic}
   size_t MaxHeapSize                              = 3219128320                                {product} {ergonomic}
   size_t MinHeapDeltaBytes                        = 2097152                                   {product} {ergonomic}
   size_t MinHeapSize                              = 8388608                                   {product} {ergonomic}
    uintx NonNMethodCodeHeapSize                   = 5832704                                {pd product} {ergonomic}
    uintx NonProfiledCodeHeapSize                  = 122945536                              {pd product} {ergonomic}
    uintx ProfiledCodeHeapSize                     = 122880000                              {pd product} {ergonomic}
    uintx ReservedCodeCacheSize                    = 251658240                              {pd product} {ergonomic}
     bool SegmentedCodeCache                       = true                                      {product} {ergonomic}
   size_t SoftMaxHeapSize                          = 3219128320                             {manageable} {ergonomic}
     bool UseCompressedOops                        = true                           {product lp64_product} {ergonomic}
     bool UseG1GC                                  = true                                      {product} {ergonomic}
     bool UseLargePagesIndividualAllocation        = false                                  {pd product} {ergonomic}

Logging:
Log output configuration:
 #0: stdout all=warning uptime,level,tags foldmultilines=false
 #1: stderr all=off uptime,level,tags foldmultilines=false

Environment Variables:
PATH=C:\Program Files\Common Files\Oracle\Java\javapath;C:\Program Files (x86)\Embarcadero\Studio\21.0\bin;C:\Users\Public\Documents\Embarcadero\Studio\21.0\Bpl;C:\Program Files (x86)\Embarcadero\Studio\21.0\bin64;C:\Users\Public\Documents\Embarcadero\Studio\21.0\Bpl\Win64;C:\WINDOWS\system32;C:\WINDOWS;C:\WINDOWS\System32\Wbem;C:\WINDOWS\System32\WindowsPowerShell\v1.0\;C:\Program Files (x86)\ATI Technologies\ATI.ACE\Core-Static;C:\WINDOWS\System32\OpenSSH\;C:\Program Files\PuTTY\;C:\Program Files (x86)\Windows Kits\10\Windows Performance Toolkit\;C:\Program Files\TortoiseGit\bin;C:\Program Files\dotnet\;C:\Program Files\Git\cmd;C:\Program Files\nodejs\;C:\Users\operario42\AppData\Local\Microsoft\WindowsApps;C:\Users\operario42\AppData\Local\Programs\Antigravity\bin
USERNAME=operario42
OS=Windows_NT
PROCESSOR_IDENTIFIER=Intel64 Family 6 Model 26 Stepping 5, GenuineIntel
TMP=C:\Users\OP3FDF~1\AppData\Local\Temp
TEMP=C:\Users\OP3FDF~1\AppData\Local\Temp




Periodic native trim disabled

---------------  S Y S T E M  ---------------

OS:
 Windows 10 , 64 bit Build 19041 (10.0.19041.5915)
OS uptime: 0 days 1:39 hours

CPU: total 8 (initial active 8) (4 cores per cpu, 2 threads per core) family 6 model 26 stepping 5 microcode 0x1d, cx8, cmov, fxsr, ht, mmx, sse, sse2, sse3, ssse3, sse4.1, sse4.2, popcnt, tsc, tscinvbit, clflush, rdtscp
Processor Information for the first 8 processors :
  Max Mhz: 3201, Current Mhz: 3201, Mhz Limit: 3201

Memory: 4k page, system-wide physical 12279M (1598M free)
TotalPageFile size 14560M (AvailPageFile size 78M)
current process WorkingSet (physical memory assigned to process): 11M, peak: 11M
current process commit charge ("private bytes"): 60M, peak: 252M

vm_info: Java HotSpot(TM) 64-Bit Server VM (24.0.1+9-30) for windows-amd64 JRE (24.0.1+9-30), built on 2025-03-05T07:23:45Z with MS VC++ 17.6 (VS2022)

END.
